<?xml version="1.0" encoding="UTF-8"?>
<!-- Generated by org.testng.reporters.JUnitXMLReporter -->
<testsuite hostname="DESKTOP-C80OOLD" ignored="0" name="Default test" tests="4" failures="0" timestamp="30 Jan 2019 10:59:14 GMT" time="65.675" errors="0">
  <testcase name="Facebooklogin" time="4.319" classname="ReadExcelData.FacebookLogin"/>
  <testcase name="Facebooklogin" time="3.059" classname="ReadExcelData.FacebookLogin"/>
  <testcase name="Facebooklogin" time="2.948" classname="ReadExcelData.FacebookLogin"/>
  <testcase name="Facebooklogin" time="6.047" classname="ReadExcelData.FacebookLogin"/>
</testsuite> <!-- Default test -->
